<?xml version="1.0" encoding="UTF-8"?>
<!-- Generated by org.testng.reporters.JUnitReportReporter -->
<testsuite hostname="QB-TP3-2221" failures="0" tests="3" name="Testcases.PushNotificationsTest" time="16.093" errors="0" timestamp="2022-08-24T18:58:05 IST" skipped="0">
  <testcase classname="Testcases.PushNotificationsTest" name="pushnotificationsTabValidation" time="3.466"/>
  <system-out/>
  <testcase classname="Testcases.PushNotificationsTest" name="displayColorSearchbutton" time="5.994"/>
  <system-out/>
  <testcase classname="Testcases.PushNotificationsTest" name="AlertTextValidation" time="6.633"/>
  <system-out/>
</testsuite> <!-- Testcases.PushNotificationsTest -->
