<?xml version="1.0" encoding="UTF-8"?>
<!-- Generated by org.testng.reporters.JUnitReportReporter -->
<testsuite hostname="QB-TP3-2221" failures="0" tests="1" name="Testcases.ManageProducttest" time="7.365" errors="0" timestamp="2022-08-28T19:08:10 IST" skipped="0">
  <testcase classname="Testcases.ManageProducttest" name="columnvalidation" time="7.365"/>
  <system-out/>
</testsuite> <!-- Testcases.ManageProducttest -->
