<?xml version="1.0" encoding="UTF-8"?>
<!-- Generated by org.testng.reporters.JUnitReportReporter -->
<testsuite hostname="QB-TP3-2221" failures="0" tests="3" name="Testcases.ManageOfferCodeTestcase" time="18.418" errors="0" timestamp="2022-08-24T18:40:06 IST" skipped="0">
  <testcase classname="Testcases.ManageOfferCodeTestcase" name="ManageOfferCodeTitleValidation" time="4.791"/>
  <system-out/>
  <testcase classname="Testcases.ManageOfferCodeTestcase" name="ManageOfferCode_search" time="7.669"/>
  <system-out/>
  <testcase classname="Testcases.ManageOfferCodeTestcase" name="ManageOfferCode_newoffer" time="5.958"/>
  <system-out/>
</testsuite> <!-- Testcases.ManageOfferCodeTestcase -->
