<?xml version="1.0" encoding="UTF-8"?>
<!-- Generated by org.testng.reporters.JUnitReportReporter -->
<testsuite hostname="QB-TP3-2221" failures="0" tests="3" name="Testcases.ManageOrderTestCases" time="22.187" errors="0" timestamp="2022-08-29T08:33:59 IST" skipped="0">
  <testcase classname="Testcases.ManageOrderTestCases" name="statusvalidation" time="8.304"/>
  <system-out/>
  <testcase classname="Testcases.ManageOrderTestCases" name="statusvalidation" time="5.728"/>
  <system-out/>
  <testcase classname="Testcases.ManageOrderTestCases" name="manageOredersSearchbyBank" time="8.155"/>
  <system-out/>
</testsuite> <!-- Testcases.ManageOrderTestCases -->
