<?xml version="1.0" encoding="UTF-8"?>
<!-- Generated by org.testng.reporters.JUnitReportReporter -->
<testsuite hostname="QB-TP3-2221" failures="0" tests="1" name="Testcases.ManagePaymentTest" time="5.709" errors="0" timestamp="2022-08-29T07:48:40 IST" skipped="0">
  <testcase classname="Testcases.ManagePaymentTest" name="Validation" time="5.709"/>
  <system-out/>
</testsuite> <!-- Testcases.ManagePaymentTest -->
