<?xml version="1.0" encoding="UTF-8"?>
<!-- Generated by org.testng.reporters.JUnitReportReporter -->
<testsuite hostname="QB-TP3-2221" failures="0" tests="1" name="Testcases.ManagedeliveryboyTest" time="9.960" errors="0" timestamp="2022-08-28T13:02:00 IST" skipped="0">
  <testcase classname="Testcases.ManagedeliveryboyTest" name="searchVal" time="9.960"/>
  <system-out/>
</testsuite> <!-- Testcases.ManagedeliveryboyTest -->
