<?xml version="1.0" encoding="UTF-8"?>
<!-- Generated by org.testng.reporters.JUnitReportReporter -->
<testsuite hostname="QB-TP3-2221" failures="0" tests="1" name="Testcases.Abc" time="23.479" errors="0" timestamp="2022-08-25T17:05:32 IST" skipped="0">
  <testcase classname="Testcases.Abc" name="statusvalidation" time="23.479"/>
  <system-out/>
</testsuite> <!-- Testcases.Abc -->
