<?xml version="1.0" encoding="UTF-8"?>
<!-- Generated by org.testng.reporters.JUnitReportReporter -->
<testsuite hostname="QB-TP3-2221" failures="0" tests="2" name="Testcases.ManagesliderTestcase" time="12.246" errors="0" timestamp="2022-09-14T17:20:39 IST" skipped="0">
  <testcase classname="Testcases.ManagesliderTestcase" name="verifyimagepresent" time="9.121"/>
  <system-out/>
  <testcase classname="Testcases.ManagesliderTestcase" name="titleValidation" time="3.125"/>
  <system-out/>
</testsuite> <!-- Testcases.ManagesliderTestcase -->
