<?xml version="1.0" encoding="UTF-8"?>
<!-- Generated by org.testng.reporters.JUnitReportReporter -->
<testsuite hostname="QB-TP3-2221" failures="0" tests="4" name="Testcases.MobileSliderTestcase" time="12.220" errors="0" timestamp="2022-09-14T17:20:39 IST" skipped="0">
  <testcase classname="Testcases.MobileSliderTestcase" name="titlevalidation" time="3.065"/>
  <system-out/>
  <testcase classname="Testcases.MobileSliderTestcase" name="elementDisplay" time="3.093"/>
  <system-out/>
  <testcase classname="Testcases.MobileSliderTestcase" name="getStatus" time="3.063"/>
  <system-out/>
  <testcase classname="Testcases.MobileSliderTestcase" name="getbgclr" time="2.999"/>
  <system-out/>
</testsuite> <!-- Testcases.MobileSliderTestcase -->
