<?xml version="1.0" encoding="UTF-8"?>
<!-- Generated by org.testng.reporters.JUnitReportReporter -->
<testsuite hostname="QB-TP3-2221" failures="0" tests="4" name="Testcases.ManageProducttest" time="27.382" errors="0" timestamp="2022-09-14T17:20:39 IST" skipped="0">
  <testcase classname="Testcases.ManageProducttest" name="columnvalidation" time="3.354"/>
  <system-out/>
  <testcase classname="Testcases.ManageProducttest" name="alertValidation" time="5.295"/>
  <system-out/>
  <testcase classname="Testcases.ManageProducttest" name="verifyEneterPricefield" time="7.449"/>
  <system-out/>
  <testcase classname="Testcases.ManageProducttest" name="fileupload" time="11.284"/>
  <system-out/>
</testsuite> <!-- Testcases.ManageProducttest -->
