<?xml version="1.0" encoding="UTF-8"?>
<!-- Generated by org.testng.reporters.JUnitReportReporter -->
<testsuite hostname="QB-TP3-2221" failures="0" tests="4" name="Testcases.ManagedeliveryboyTest" time="17.398" errors="0" timestamp="2022-09-14T17:20:39 IST" skipped="0">
  <testcase classname="Testcases.ManagedeliveryboyTest" name="restbtnValidation" time="2.650"/>
  <system-out/>
  <testcase classname="Testcases.ManagedeliveryboyTest" name="tooltipValidation" time="2.852"/>
  <system-out/>
  <testcase classname="Testcases.ManagedeliveryboyTest" name="elementpresentVal" time="5.780"/>
  <system-out/>
  <testcase classname="Testcases.ManagedeliveryboyTest" name="searchVal" time="6.116"/>
  <system-out/>
</testsuite> <!-- Testcases.ManagedeliveryboyTest -->
