<?xml version="1.0" encoding="UTF-8"?>
<!-- Generated by org.testng.reporters.JUnitReportReporter -->
<testsuite hostname="QB-TP3-2221" failures="0" tests="3" name="Testcases.ManageOfferCodeTestcase" time="12.898" errors="0" timestamp="2022-09-14T17:20:39 IST" skipped="0">
  <testcase classname="Testcases.ManageOfferCodeTestcase" name="ManageOfferCode_newoffer" time="4.030"/>
  <system-out/>
  <testcase classname="Testcases.ManageOfferCodeTestcase" name="ManageOfferCode_search" time="5.827"/>
  <system-out/>
  <testcase classname="Testcases.ManageOfferCodeTestcase" name="ManageOfferCodeTitleValidation" time="3.041"/>
  <system-out/>
</testsuite> <!-- Testcases.ManageOfferCodeTestcase -->
