<?xml version="1.0" encoding="UTF-8"?>
<!-- Generated by org.testng.reporters.JUnitReportReporter -->
<testsuite hostname="QB-TP3-2221" failures="0" tests="3" name="Testcases.ManageLocationTest" time="8.697" errors="0" timestamp="2022-09-14T17:20:39 IST" skipped="0">
  <testcase classname="Testcases.ManageLocationTest" name="displayColorNewbutton" time="2.698"/>
  <system-out/>
  <testcase classname="Testcases.ManageLocationTest" name="manageLocationTabValidation" time="2.677"/>
  <system-out/>
  <testcase classname="Testcases.ManageLocationTest" name="searchMethod" time="3.322"/>
  <system-out/>
</testsuite> <!-- Testcases.ManageLocationTest -->
