<?xml version="1.0" encoding="UTF-8"?>
<!-- Generated by org.testng.reporters.JUnitReportReporter -->
<testsuite hostname="QB-TP3-2221" failures="0" tests="6" name="Testcases.ManageOrderTestCases" time="24.355" errors="0" timestamp="2022-09-14T17:20:39 IST" skipped="0">
  <testcase classname="Testcases.ManageOrderTestCases" name="statusvalidation" time="3.220"/>
  <system-out/>
  <testcase classname="Testcases.ManageOrderTestCases" name="Manageorders_reset_btn_size" time="3.878"/>
  <system-out/>
  <testcase classname="Testcases.ManageOrderTestCases" name="Manageorders_search_btn_size" time="7.294"/>
  <system-out/>
  <testcase classname="Testcases.ManageOrderTestCases" name="statusvalidation" time="3.185"/>
  <system-out/>
  <testcase classname="Testcases.ManageOrderTestCases" name="manageOredersSearchbyBank" time="3.056"/>
  <system-out/>
  <testcase classname="Testcases.ManageOrderTestCases" name="Manageorders_searchbtn_bg_clr_validation" time="3.722"/>
  <system-out/>
</testsuite> <!-- Testcases.ManageOrderTestCases -->
