<?xml version="1.0" encoding="UTF-8"?>
<!-- Generated by org.testng.reporters.JUnitReportReporter -->
<testsuite hostname="QB-TP3-2221" failures="0" tests="3" name="Testcases.ManageExpenseTestcase" time="8.709" errors="0" timestamp="2022-09-14T17:20:39 IST" skipped="0">
  <testcase classname="Testcases.ManageExpenseTestcase" name="Manageorders_search_btn_size" time="2.761"/>
  <system-out/>
  <testcase classname="Testcases.ManageExpenseTestcase" name="ManageordersResetButtonClrVaildation" time="3.164"/>
  <system-out/>
  <testcase classname="Testcases.ManageExpenseTestcase" name="backGroundSearchrVaildation" time="2.784"/>
  <system-out/>
</testsuite> <!-- Testcases.ManageExpenseTestcase -->
