<?xml version="1.0" encoding="UTF-8"?>
<!-- Generated by org.testng.reporters.JUnitReportReporter -->
<testsuite hostname="QB-TP3-2221" failures="0" tests="2" name="Testcases.DashBoardTest" time="5.229" errors="0" timestamp="2022-09-14T17:20:39 IST" skipped="0">
  <testcase classname="Testcases.DashBoardTest" name="Manageorders_search_btn_size" time="2.240"/>
  <system-out/>
  <testcase classname="Testcases.DashBoardTest" name="tableHeaderFieldValidation" time="2.989"/>
  <system-out/>
</testsuite> <!-- Testcases.DashBoardTest -->
