<?xml version="1.0" encoding="UTF-8"?>
<!-- Generated by org.testng.reporters.JUnitReportReporter -->
<testsuite hostname="QB-TP3-2221" failures="0" tests="1" name="Testcases.PushNotificationsTest" time="10.774" errors="0" timestamp="2022-09-14T20:42:24 IST" skipped="0">
  <testcase classname="Testcases.PushNotificationsTest" name="AlertTextValidation" time="10.774"/>
  <system-out/>
</testsuite> <!-- Testcases.PushNotificationsTest -->
