<?xml version="1.0" encoding="UTF-8"?>
<!-- Generated by org.testng.reporters.JUnitReportReporter -->
<testsuite hostname="QB-TP3-2221" failures="0" tests="2" name="Testcases.ManagePaymentTest" time="5.567" errors="0" timestamp="2022-09-14T17:20:39 IST" skipped="0">
  <testcase classname="Testcases.ManagePaymentTest" name="checkboxValidation" time="2.704"/>
  <system-out/>
  <testcase classname="Testcases.ManagePaymentTest" name="Validation" time="2.863"/>
  <system-out/>
</testsuite> <!-- Testcases.ManagePaymentTest -->
